<?xml version="1.0" encoding="UTF-8"?>
<!-- Generated by org.testng.reporters.JUnitXMLReporter -->
<testsuite hostname="W00000PC1FM434" ignored="0" name="Command line test" tests="1" failures="1" timestamp="19 Feb 2022 08:08:45 GMT" time="0.673" errors="0">
  <testcase name="applicationTesting" time="0.636" classname="com.prractice.com.AppTest">
    <failure type="java.lang.NoSuchMethodError" message="org.apache.xmlbeans.XmlOptions.put(Ljava/lang/Object;)V">
      <![CDATA[java.lang.NoSuchMethodError: org.apache.xmlbeans.XmlOptions.put(Ljava/lang/Object;)V
at org.apache.poi.xssf.model.SharedStringsTable.<clinit>(SharedStringsTable.java:94)
at org.apache.poi.ooxml.POIXMLFactory.createDocumentPart(POIXMLFactory.java:61)
at org.apache.poi.ooxml.POIXMLDocumentPart.read(POIXMLDocumentPart.java:684)
at org.apache.poi.ooxml.POIXMLDocument.load(POIXMLDocument.java:180)
at org.apache.poi.xssf.usermodel.XSSFWorkbook.<init>(XSSFWorkbook.java:288)
at org.apache.poi.xssf.usermodel.XSSFWorkbook.<init>(XSSFWorkbook.java:309)
at com.javaprogramming.utility.ExcelUtils.getCellData(ExcelUtils.java:32)
at com.prractice.com.AppTest.applicationTesting(AppTest.java:24)
... Removed 35 stack frames]]>
    </failure>
  </testcase> <!-- applicationTesting -->
</testsuite> <!-- Command line test -->
