<?xml version="1.0" encoding="UTF-8"?>
<testng-results skipped="0" failed="0" ignored="0" total="1" passed="1">
  <reporter-output>
  </reporter-output>
  <suite name="Default suite" duration-ms="4305" started-at="2022-02-07T14:41:41Z" finished-at="2022-02-07T14:41:46Z">
    <groups>
    </groups>
    <test name="Default test" duration-ms="4305" started-at="2022-02-07T14:41:41Z" finished-at="2022-02-07T14:41:46Z">
      <class name="com.javaprogramming.com.ClickMaxPrice">
        <test-method status="PASS" signature="setup()[pri:0, instance:com.javaprogramming.com.ClickMaxPrice@5e316c74]" name="setup" is-config="true" duration-ms="3953" started-at="2022-02-07T14:41:41Z" finished-at="2022-02-07T14:41:45Z">
          <reporter-output>
          </reporter-output>
        </test-method> <!-- setup -->
        <test-method status="PASS" signature="clickMaxPrice()[pri:0, instance:com.javaprogramming.com.ClickMaxPrice@5e316c74]" name="clickMaxPrice" duration-ms="319" started-at="2022-02-07T14:41:45Z" finished-at="2022-02-07T14:41:46Z">
          <reporter-output>
          </reporter-output>
        </test-method> <!-- clickMaxPrice -->
      </class> <!-- com.javaprogramming.com.ClickMaxPrice -->
    </test> <!-- Default test -->
  </suite> <!-- Default suite -->
</testng-results>
