<?xml version="1.0" encoding="UTF-8"?>
<testng-results skipped="0" failed="0" ignored="0" total="1" passed="1">
  <reporter-output>
  </reporter-output>
  <suite name="Default suite" duration-ms="7406" started-at="2022-02-27T06:36:06Z" finished-at="2022-02-27T06:36:14Z">
    <groups>
    </groups>
    <test name="Default test" duration-ms="7406" started-at="2022-02-27T06:36:06Z" finished-at="2022-02-27T06:36:14Z">
      <class name="com.NityaPractice.com.ClickMaxPrice">
        <test-method status="PASS" signature="clickMaxPrice()[pri:0, instance:com.NityaPractice.com.ClickMaxPrice@6ac13091]" name="clickMaxPrice" duration-ms="7347" started-at="2022-02-27T06:36:06Z" finished-at="2022-02-27T06:36:14Z">
          <reporter-output>
          </reporter-output>
        </test-method> <!-- clickMaxPrice -->
      </class> <!-- com.NityaPractice.com.ClickMaxPrice -->
    </test> <!-- Default test -->
  </suite> <!-- Default suite -->
</testng-results>
